Arguments: 
  /usr/local/bin/node /usr/local/Cellar/yarn/1.5.1/libexec/bin/yarn.js add

PATH: 
  /Users/bemajor/.rvm/gems/ruby-2.4.0/bin:/Users/bemajor/.rvm/gems/ruby-2.4.0@global/bin:/Users/bemajor/.rvm/rubies/ruby-2.4.0/bin:/usr/local/bin:/usr/bin:/bin:/usr/sbin:/sbin:/Applications/Postgres.app/Contents/Versions/latest/bin:/Users/bemajor/.rvm/gems/ruby-2.4.0/bin:/Users/bemajor/.rvm/gems/ruby-2.4.0@global/bin:/Users/bemajor/.rvm/rubies/ruby-2.4.0/bin:/Users/bemajor/.rvm/bin:/Users/bemajor/.rvm/bin

Yarn version: 
  1.5.1

Node version: 
  8.11.3

Platform: 
  darwin x64

npm manifest: 
  {
    "name": "ManmadeMastering",
    "version": "1.0.0",
    "description": "Website for Manmade Mastering in Berlin, Germany",
    "main": "index.js",
    "author": "Bernard Bolter",
    "license": "MIT",
    "dependencies": {
      "gulp": "^3.9.1",
      "gulp-autoprefixer": "^5.0.0",
      "gulp-clean": "^0.4.0",
      "gulp-concat": "^2.6.1",
      "gulp-connect": "^5.5.0",
      "gulp-file-include": "^2.0.1",
      "gulp-imagemin": "^4.1.0",
      "gulp-insert-lines": "^0.0.4",
      "gulp-rename": "^1.3.0",
      "gulp-sass": "^4.0.1",
      "gulp-sourcemaps": "^2.6.4",
      "path": "^0.12.7"
    }
  }

yarn manifest: 
  No manifest

Lockfile: 
  No lockfile

Trace: 
  Error: Missing list of packages to add to your project.
      at new MessageError (/usr/local/Cellar/yarn/1.5.1/libexec/lib/cli.js:186:110)
      at Object.<anonymous> (/usr/local/Cellar/yarn/1.5.1/libexec/lib/cli.js:40587:13)
      at Generator.next (<anonymous>)
      at step (/usr/local/Cellar/yarn/1.5.1/libexec/lib/cli.js:98:30)
      at /usr/local/Cellar/yarn/1.5.1/libexec/lib/cli.js:116:14
      at new Promise (<anonymous>)
      at new F (/usr/local/Cellar/yarn/1.5.1/libexec/lib/cli.js:23451:28)
      at Object.<anonymous> (/usr/local/Cellar/yarn/1.5.1/libexec/lib/cli.js:95:12)
      at Object.run (/usr/local/Cellar/yarn/1.5.1/libexec/lib/cli.js:40599:19)
      at run (/usr/local/Cellar/yarn/1.5.1/libexec/lib/cli.js:89113:20)
